<?xml version="1.0" encoding="UTF-8"?>
<testng-results skipped="0" failed="0" total="1" passed="1">
  <reporter-output>
  </reporter-output>
  <suite name="Default suite" duration-ms="38" started-at="2018-07-27T05:37:54Z" finished-at="2018-07-27T05:37:54Z">
    <groups>
    </groups>
    <test name="Default test" duration-ms="38" started-at="2018-07-27T05:37:54Z" finished-at="2018-07-27T05:37:54Z">
      <class name="com.qait.automation.YamlTest.YamlTesting">
        <test-method status="PASS" signature="beforeTest()[pri:0, instance:com.qait.automation.YamlTest.YamlTesting@6767c1fc]" name="beforeTest" is-config="true" duration-ms="21" started-at="2018-07-27T11:07:54Z" finished-at="2018-07-27T11:07:54Z">
          <reporter-output>
          </reporter-output>
        </test-method> <!-- beforeTest -->
        <test-method status="PASS" signature="readvalues()[pri:0, instance:com.qait.automation.YamlTest.YamlTesting@6767c1fc]" name="readvalues" duration-ms="6" started-at="2018-07-27T11:07:54Z" finished-at="2018-07-27T11:07:54Z">
          <reporter-output>
          </reporter-output>
        </test-method> <!-- readvalues -->
      </class> <!-- com.qait.automation.YamlTest.YamlTesting -->
    </test> <!-- Default test -->
  </suite> <!-- Default suite -->
</testng-results>
